msg：进入业务逻辑了 
order_id：57 
package_id：1 , member_id：221 
count：1 
msg：走一次 
结果：成功 
msg：进入业务逻辑了 
order_id：58 
package_id：3 , member_id：222 
count：1 
msg：走一次 
结果：成功 
msg：进入业务逻辑了 
order_id：59 
package_id：1 , member_id：223 
count：1 
msg：走一次 
结果：成功 
msg：进入业务逻辑了 
order_id：61 
package_id：3 , member_id：224 
count：1 
msg：走一次 
结果：成功 
msg：进入业务逻辑了 
order_id：62 
package_id：2 , member_id：226 
count：1 
msg：走一次 
结果：成功 
msg：进入业务逻辑了 
order_id：63 
package_id：3 , member_id：227 
count：1 
msg：走一次 
结果：成功 
msg：进入业务逻辑了 
order_id：64 
package_id：3 , member_id：228 
count：1 
msg：走一次 
结果：成功 
