msg：进入业务逻辑了 
order_id：82 
package_id：1 , member_id：264 
count：1 
msg：走一次 
结果：成功 
config：Array 
return_url：http://www.xjinshangsc.com/Alipay/return_url.html
ordernum：20190709117596
notify：进来啦 
out_trade_no：20190709117596 
order：Array 
order_id：83 
msg：进入业务逻辑了 
order_id：83 
package_id：3 , member_id：269 
count：1 
msg：走一次 
return：进来啦 
return：进来啦 
config：Array 
return_url：http://www.xjinshangsc.com/Alipay/return_url.html
ordernum：20190709117596
msg：进入业务逻辑了 
order_id：84 
package_id：1 , member_id：272 
count：1 
msg：走一次 
结果：成功 
msg：进入业务逻辑了 
order_id：85 
package_id：3 , member_id：275 
count：1 
msg：走一次 
结果：成功 
