msg：进入业务逻辑了 
order_id：207 
package_id：3 , member_id：441 
count：1 
msg：走一次 
结果：成功 
config：Array 
return_url：http://www.xjinshangsc.com/Alipay/return_url.html
ordernum：20190804241505
msg：进入业务逻辑了 
order_id：208 
package_id：3 , member_id：444 
count：1 
msg：走一次 
结果：成功 
msg：进入业务逻辑了 
order_id：209 
package_id：3 , member_id：304 
count：1 
msg：走一次 
结果：成功 
msg：进入业务逻辑了 
order_id：210 
package_id：3 , member_id：447 
count：1 
msg：走一次 
结果：成功 
config：Array 
return_url：http://www.xjinshangsc.com/Alipay/return_url.html
ordernum：20190804241505
msg：进入业务逻辑了 
order_id：212 
package_id：1 , member_id：448 
count：1 
msg：走一次 
结果：成功 
