msg：进入业务逻辑了 
order_id：24 
package_id：2 , member_id：175 
count：1 
msg：走一次 
结果：成功 
config：Array 
return_url：http://www.xjinshangsc.com/Alipay/return_url.html
ordernum：20190623352752
notify：进来啦 
out_trade_no：20190623352752 
order：Array 
order_id：25 
msg：进入业务逻辑了 
order_id：25 
package_id：3 , member_id：176 
count：1 
msg：走一次 
return：进来啦 
msg：进入业务逻辑了 
order_id：26 
package_id：3 , member_id：177 
count：1 
msg：走一次 
结果：成功 
进入回调了 
订单状态：SUCCESS 
msg：进入业务逻辑了 
结果：成功 
msg：进入业务逻辑了 
order_id：28 
package_id：1 , member_id：178 
count：1 
msg：走一次 
结果：成功 
msg：进入业务逻辑了 
order_id：29 
package_id：1 , member_id：179 
count：1 
msg：走一次 
结果：成功 
