msg：进入业务逻辑了 
order_id：193 
package_id：2 , member_id：429 
count：1 
msg：走一次 
结果：成功 
msg：进入业务逻辑了 
order_id：194 
package_id：6 , member_id：429 
count：10 
msg： 开始超级大礼包
结果：成功 
msg：进入业务逻辑了 
order_id：195 
package_id：3 , member_id：432 
count：1 
msg：走一次 
结果：成功 
msg：进入业务逻辑了 
order_id：197 
package_id：3 , member_id：433 
count：1 
msg：走一次 
结果：成功 
msg：进入业务逻辑了 
order_id：199 
package_id：3 , member_id：426 
count：1 
msg：走一次 
结果：成功 
msg：进入业务逻辑了 
order_id：200 
package_id：3 , member_id：434 
count：1 
msg：走一次 
结果：成功 
msg：进入业务逻辑了 
order_id：201 
package_id：4 , member_id：435 
count：1 
msg：走一次 
结果：成功 
