config：Array 
return_url：http://www.xjinshangsc.com/Alipay/return_url.html
ordernum：20190722303499
config：Array 
return_url：http://www.xjinshangsc.com/Alipay/return_url.html
ordernum：20190722743372
进入回调了 
订单id：112 
结果：成功 
msg：进入业务逻辑了 
order_id：132 
package_id：2 , member_id：350 
count：1 
msg：走一次 
结果：成功 
config：Array 
return_url：http://www.xjinshangsc.com/Alipay/return_url.html
ordernum：20190722635307
config：Array 
return_url：http://www.xjinshangsc.com/Alipay/return_url.html
ordernum：20190722635307
config：Array 
return_url：http://www.xjinshangsc.com/Alipay/return_url.html
ordernum：20190722635307
config：Array 
return_url：http://www.xjinshangsc.com/Alipay/return_url.html
ordernum：20190722635307
config：Array 
return_url：http://www.xjinshangsc.com/Alipay/return_url.html
ordernum：20190722635307
config：Array 
return_url：http://www.xjinshangsc.com/Alipay/return_url.html
ordernum：20190722635307
config：Array 
return_url：http://www.xjinshangsc.com/Alipay/return_url.html
ordernum：20190722905230
config：Array 
return_url：http://www.xjinshangsc.com/Alipay/return_url.html
ordernum：20190722913075
config：Array 
return_url：http://www.xjinshangsc.com/Alipay/return_url.html
ordernum：20190722913075
msg：进入业务逻辑了 
order_id：138 
package_id：2 , member_id：351 
count：1 
msg：走一次 
结果：成功 
msg：进入业务逻辑了 
order_id：139 
package_id：6 , member_id：350 
count：10 
msg： 开始超级大礼包
结果：成功 
config：Array 
return_url：http://www.xjinshangsc.com/Alipay/return_url.html
ordernum：20190722531413
config：Array 
return_url：http://www.xjinshangsc.com/Alipay/return_url.html
ordernum：20190722440039
notify：进来啦 
out_trade_no：20190722440039 
order：Array 
order_id：141 
msg：进入业务逻辑了 
order_id：141 
package_id：1 , member_id：342 
count：1 
msg：走一次 
return：进来啦 
config：Array 
return_url：http://www.xjinshangsc.com/Alipay/return_url.html
ordernum：20190722698711
