config：Array 
return_url：http://www.xjinshangsc.com/Alipay/return_url.html
ordernum：20190717887692
notify：进来啦 
out_trade_no：20190717887692 
order：Array 
order_id：125 
msg：进入业务逻辑了 
order_id：125 
package_id：4 , member_id：283 
count：1 
msg：走一次 
return：进来啦 
config：Array 
return_url：http://www.xjinshangsc.com/Alipay/return_url.html
ordernum：20190717211184
notify：进来啦 
out_trade_no：20190717211184 
order：Array 
order_id：126 
msg：进入业务逻辑了 
order_id：126 
package_id：1 , member_id：327 
count：1 
msg：走一次 
return：进来啦 
