config：Array 
return_url：http://www.xjinshangsc.com/Alipay/return_url.html
ordernum：20190806577957
notify：进来啦 
out_trade_no：20190806577957 
order：Array 
order_id：220 
msg：进入业务逻辑了 
order_id：220 
package_id：2 , member_id：442 
count：1 
msg：走一次 
return：进来啦 
msg：进入业务逻辑了 
order_id：221 
package_id：2 , member_id：468 
count：1 
msg：走一次 
结果：成功 
msg：进入业务逻辑了 
order_id：222 
package_id：2 , member_id：469 
count：1 
msg：走一次 
结果：成功 
msg：进入业务逻辑了 
order_id：223 
package_id：5 , member_id：469 
count：10 
msg： 开始超级大礼包
结果：成功 
msg：进入业务逻辑了 
order_id：224 
package_id：4 , member_id：470 
count：1 
msg：走一次 
结果：成功 
