进入回调了 
订单id：17 
结果：成功 
msg：进入业务逻辑了 
order_id：172 
package_id：1 , member_id：395 
count：1 
msg：走一次 
结果：成功 
msg：进入业务逻辑了 
order_id：173 
package_id：2 , member_id：398 
count：1 
msg：走一次 
结果：成功 
config：Array 
return_url：http://www.xjinshangsc.com/Alipay/return_url.html
ordernum：20190728374384
config：Array 
return_url：http://www.xjinshangsc.com/Alipay/return_url.html
ordernum：20190728477050
return：进来啦 
notify：进来啦 
out_trade_no：20190728477050 
order：Array 
order_id：175 
msg：进入业务逻辑了 
order_id：175 
package_id：2 , member_id：400 
count：1 
msg：走一次 
config：Array 
return_url：http://www.xjinshangsc.com/Alipay/return_url.html
ordernum：20190728511628
进入回调了 
订单id：22 
结果：成功 
进入回调了 
订单id：26 
结果：成功 
msg：进入业务逻辑了 
order_id：176 
package_id：1 , member_id：404 
count：1 
msg：走一次 
结果：成功 
