msg：进入业务逻辑了 
order_id：186 
package_id：1 , member_id：414 
count：1 
msg：走一次 
结果：成功 
msg：进入业务逻辑了 
order_id：187 
package_id：1 , member_id：240 
count：1 
msg：走一次 
结果：成功 
msg：进入业务逻辑了 
order_id：188 
package_id：2 , member_id：421 
count：1 
msg：走一次 
结果：成功 
config：Array 
return_url：http://www.xjinshangsc.com/Alipay/return_url.html
ordernum：20190731409421
notify：进来啦 
out_trade_no：20190731409421 
order：Array 
order_id：189 
msg：进入业务逻辑了 
order_id：189 
package_id：4 , member_id：392 
count：1 
msg：走一次 
return：进来啦 
msg：进入业务逻辑了 
order_id：190 
package_id：3 , member_id：357 
count：1 
msg：走一次 
结果：成功 
