config：Array 
return_url：http://www.xjinshangsc.com/Alipay/return_url.html
ordernum：20190809515918
notify：进来啦 
out_trade_no：20190809515918 
order：Array 
order_id：232 
msg：进入业务逻辑了 
order_id：232 
package_id：3 , member_id：486 
count：1 
msg：走一次 
return：进来啦 
msg：进入业务逻辑了 
order_id：233 
package_id：1 , member_id：487 
count：1 
msg：走一次 
结果：成功 
config：Array 
return_url：http://www.xjinshangsc.com/Alipay/return_url.html
ordernum：20190809881677
notify：进来啦 
out_trade_no：20190809881677 
order：Array 
order_id：234 
msg：进入业务逻辑了 
order_id：234 
package_id：3 , member_id：489 
count：1 
msg：走一次 
return：进来啦 
msg：进入业务逻辑了 
order_id：235 
package_id：5 , member_id：195 
count：10 
msg： 开始超级大礼包
结果：成功 
config：Array 
return_url：http://www.xjinshangsc.com/Alipay/return_url.html
ordernum：20190809184878
notify：进来啦 
out_trade_no：20190809184878 
order：Array 
order_id：236 
msg：进入业务逻辑了 
order_id：236 
package_id：3 , member_id：490 
count：1 
msg：走一次 
return：进来啦 
msg：进入业务逻辑了 
order_id：237 
package_id：4 , member_id：491 
count：1 
msg：走一次 
结果：成功 
