msg：进入业务逻辑了 
order_id：99 
package_id：3 , member_id：144 
count：1 
msg：走一次 
结果：成功 
msg：进入业务逻辑了 
order_id：100 
package_id：4 , member_id：296 
count：1 
msg：走一次 
结果：成功 
config：Array 
return_url：http://www.xjinshangsc.com/Alipay/return_url.html
ordernum：20190713888906
return：进来啦 
config：Array 
return_url：http://www.xjinshangsc.com/Alipay/return_url.html
ordernum：20190713304162
return：进来啦 
msg：进入业务逻辑了 
order_id：104 
package_id：3 , member_id：298 
count：1 
msg：走一次 
结果：成功 
msg：进入业务逻辑了 
order_id：105 
package_id：3 , member_id：297 
count：1 
msg：走一次 
结果：成功 
