msg：进入业务逻辑了 
order_id：116 
package_id：3 , member_id：313 
count：1 
msg：走一次 
结果：成功 
config：Array 
return_url：http://www.xjinshangsc.com/Alipay/return_url.html
ordernum：20190715772428
msg：进入业务逻辑了 
order_id：119 
package_id：4 , member_id：318 
count：1 
msg：走一次 
结果：成功 
config：Array 
return_url：http://www.xjinshangsc.com/Alipay/return_url.html
ordernum：20190715397039
notify：进来啦 
out_trade_no：20190715397039 
order：Array 
order_id：120 
msg：进入业务逻辑了 
order_id：120 
package_id：4 , member_id：317 
count：1 
msg：走一次 
return：进来啦 
