msg：进入业务逻辑了 
order_id：89 
package_id：2 , member_id：288 
count：1 
msg：走一次 
结果：成功 
msg：进入业务逻辑了 
order_id：95 
package_id：3 , member_id：289 
count：1 
msg：走一次 
结果：成功 
msg：进入业务逻辑了 
order_id：97 
package_id：4 , member_id：291 
count：1 
msg：走一次 
结果：成功 
config：Array 
return_url：http://www.xjinshangsc.com/Alipay/return_url.html
ordernum：20190712219050
notify：进来啦 
out_trade_no：20190712219050 
order：Array 
order_id：98 
msg：进入业务逻辑了 
order_id：98 
package_id：1 , member_id：245 
count：1 
msg：走一次 
return：进来啦 
config：Array 
return_url：http://www.xjinshangsc.com/Alipay/return_url.html
ordernum：20190712219050
return：进来啦 
