msg：进入业务逻辑了 
order_id：240 
package_id：4 , member_id：494 
count：1 
msg：走一次 
结果：成功 
config：Array 
return_url：http://www.xjinshangsc.com/Alipay/return_url.html
ordernum：20190811468129
notify：进来啦 
out_trade_no：20190811468129 
order：Array 
order_id：241 
msg：进入业务逻辑了 
order_id：241 
package_id：4 , member_id：500 
count：1 
msg：走一次 
return：进来啦 
msg：进入业务逻辑了 
order_id：242 
package_id：4 , member_id：501 
count：1 
msg：走一次 
结果：成功 
msg：进入业务逻辑了 
order_id：243 
package_id：1 , member_id：443 
count：1 
msg：走一次 
结果：成功 
msg：进入业务逻辑了 
order_id：246 
package_id：3 , member_id：504 
count：1 
msg：走一次 
结果：成功 
