msg：进入业务逻辑了 
order_id：72 
package_id：1 , member_id：241 
count：1 
msg：走一次 
结果：成功 
msg：进入业务逻辑了 
order_id：73 
package_id：2 , member_id：172 
count：1 
msg：走一次 
结果：成功 
config：Array 
return_url：http://www.xjinshangsc.com/Alipay/return_url.html
ordernum：20190702874529
notify：进来啦 
out_trade_no：20190702874529 
order：Array 
order_id：74 
msg：进入业务逻辑了 
order_id：74 
package_id：2 , member_id：242 
count：1 
msg：走一次 
config：Array 
return_url：http://www.xjinshangsc.com/Alipay/return_url.html
ordernum：20190702874529
